No personal conf_private.py found.
doodad not detected
2022-04-17 12:45:42.587657 EDT | Variant:
2022-04-17 12:45:42.588070 EDT | {
  "seed": 1,
  "algorithm": "DIAYN",
  "env_name": "AntEnv",
  "algo_kwargs": {
    "batch_size": 256,
    "num_epochs": 100,
    "num_eval_steps_per_epoch": 25000,
    "num_expl_steps_per_train_loop": "None",
    "num_trains_per_train_loop": 100,
    "min_num_steps_before_training": 1000,
    "max_path_length": 1000,
    "num_train_loops_per_epoch": 1
  },
  "trainer_kwargs": {
    "discount": "None",
    "soft_target_tau": 0.005,
    "target_update_period": 1,
    "policy_lr": "None",
    "qf_lr": "None",
    "reward_scale": 1,
    "use_automatic_entropy_tuning": true
  },
  "replay_buffer_kwargs": {
    "max_replay_buffer_size": "None",
    "latent_dim": 1,
    "approx_irl": true,
    "plot": true
  },
  "relabeler_kwargs": {
    "relabel": true,
    "use_adv": true,
    "n_sampled_latents": 5,
    "n_to_take": 1,
    "cache": true
  },
  "qf_kwargs": {
    "hidden_sizes": [
      256,
      256
    ],
    "latent_shape_multiplier": 1,
    "latent_to_all_layers": true
  },
  "policy_kwargs": {
    "hidden_sizes": [
      256,
      256
    ],
    "latent_shape_multiplier": 1,
    "latent_to_all_layers": true
  },
  "path_collector_kwargs": {
    "save_videos": true
  },
  "use_advantages": true,
  "proper_advantages": true,
  "plot": true,
  "test": true,
  "gpu": 0,
  "mode": "here_no_doodad",
  "local_docker": false,
  "insert_time": true,
  "latent_shape_multiplier": 1,
  "env_kwargs": {
    "use_xy": true,
    "contact_forces": true
  },
  "gpu_id": 0
}
/opt/slurm/data/slurmd/job18180860/slurm_script: line 28: 1739384 Illegal instruction     singularity exec --nv --bind /usr/share/glvnd/egl_vendor.d/10_nvidia.json --overlay /home/yb1025/pyenv/overlay-7.5GB-300K.ext3:ro /scratch/work/public/singularity/cuda11.2.2-cudnn8-devel-ubuntu20.04.sif /bin/bash -c "
source /ext3/env.sh
#source /ext3/pytorch_sac
## FOR GYM USE 210, for HYDRA use 200
export LD_LIBRARY_PATH=/home/yb1025/.mujoco/mujoco210/bin:\$LD_LIBRARY_PATH
export LD_LIBRARY_PATH=/.singularity.d/libs:\$LD_LIBRARY_PATH
python launch_diayn.py
"
