No personal conf_private.py found.
doodad not detected
I AM INSIDE THE CURRENT IF STATEMENT IN LAUNCH GHER
2022-06-05 21:36:08.286991 EDT | Variant:
2022-06-05 21:36:08.287266 EDT | {
  "seed": 0,
  "algorithm": "SAC",
  "env_name": "AntEnv",
  "algo_kwargs": {
    "batch_size": 256,
    "num_epochs": 2,
    "num_eval_steps_per_epoch": 25000,
    "num_expl_steps_per_train_loop": 1000,
    "num_trains_per_train_loop": 100,
    "min_num_steps_before_training": 1000,
    "max_path_length": 1000,
    "num_train_loops_per_epoch": 1
  },
  "trainer_kwargs": {
    "discount": 0.99,
    "soft_target_tau": 0.005,
    "target_update_period": 1,
    "policy_lr": 0.003,
    "qf_lr": 0.003,
    "reward_scale": 1,
    "use_automatic_entropy_tuning": true
  },
  "replay_buffer_kwargs": {
    "max_replay_buffer_size": 1000000,
    "latent_dim": 1,
    "approx_irl": true,
    "plot": false
  },
  "relabeler_kwargs": {
    "relabel": true,
    "use_adv": false,
    "n_sampled_latents": 100,
    "n_to_take": 1,
    "cache": true
  },
  "qf_kwargs": {
    "hidden_sizes": [
      256,
      256
    ],
    "latent_shape_multiplier": 1,
    "latent_to_all_layers": false
  },
  "policy_kwargs": {
    "hidden_sizes": [
      256,
      256
    ],
    "latent_shape_multiplier": 1,
    "latent_to_all_layers": false
  },
  "path_collector_kwargs": {
    "save_videos": false
  },
  "use_advantages": false,
  "proper_advantages": true,
  "plot": false,
  "test": false,
  "gpu": 0,
  "mode": "here_no_doodad",
  "local_docker": false,
  "insert_time": false,
  "latent_shape_multiplier": 1,
  "env_kwargs": {
    "use_xy": false,
    "contact_forces": false
  },
  "gpu_id": 0
}
